<?xml version="1.0" encoding="UTF-8"?>
<!-- Generated by org.testng.reporters.JUnitReportReporter -->
<testsuite hostname="ASUS" name="MyTest.TestDemo2" tests="1" failures="0" timestamp="31 May 2018 03:25:07 GMT" time="0.023" errors="0">
  <testcase name="test" time="0.023" classname="MyTest.TestDemo2"/>
</testsuite> <!-- MyTest.TestDemo2 -->
